Line 102: Class SSDataWidgets_B_OLEDB.SSOleDBCombo of control cmbItemCatagory was not a loaded control class.
Line 127: Class MSAdodcLib.Adodc of control dcCatagory was not a loaded control class.
Line 108: The property name AllowInput in cmbItemCatagory is invalid.
Line 109: The property name _Version in cmbItemCatagory is invalid.
Line 118: The property name HeadFont in cmbItemCatagory is invalid.
Line 119: The property name Columns(0).Width in cmbItemCatagory is invalid.
Line 120: The property name Columns(0).DataType in cmbItemCatagory is invalid.
Line 121: The property name Columns(0).FieldLen in cmbItemCatagory is invalid.
Line 122: The property name _ExtentX in cmbItemCatagory is invalid.
Line 123: The property name _ExtentY in cmbItemCatagory is invalid.
Line 124: The property name _StockProps in cmbItemCatagory is invalid.
Line 133: The property name _ExtentX in dcCatagory is invalid.
Line 134: The property name _ExtentY in dcCatagory is invalid.
Line 135: The property name ConnectMode in dcCatagory is invalid.
Line 136: The property name CursorLocation in dcCatagory is invalid.
Line 137: The property name IsolationLevel in dcCatagory is invalid.
Line 138: The property name ConnectionTimeout in dcCatagory is invalid.
Line 139: The property name CommandTimeout in dcCatagory is invalid.
Line 140: The property name CursorType in dcCatagory is invalid.
Line 141: The property name LockType in dcCatagory is invalid.
Line 142: The property name CommandType in dcCatagory is invalid.
Line 143: The property name CursorOptions in dcCatagory is invalid.
Line 144: The property name CacheSize in dcCatagory is invalid.
Line 145: The property name MaxRecords in dcCatagory is invalid.
Line 146: The property name BOFAction in dcCatagory is invalid.
Line 147: The property name EOFAction in dcCatagory is invalid.
Line 148: The property name ConnectStringType in dcCatagory is invalid.
Line 152: The property name Orientation in dcCatagory is invalid.
Line 154: The property name Connect in dcCatagory is invalid.
Line 155: The property name OLEDBString in dcCatagory is invalid.
Line 156: The property name OLEDBFile in dcCatagory is invalid.
Line 157: The property name DataSourceName in dcCatagory is invalid.
Line 158: The property name OtherAttributes in dcCatagory is invalid.
Line 159: The property name UserName in dcCatagory is invalid.
Line 160: The property name Password in dcCatagory is invalid.
Line 161: The property name RecordSource in dcCatagory is invalid.
Line 162: The property name Caption in dcCatagory is invalid.
Line 172: The property name _Version in dcCatagory is invalid.
